<?xml version="1.0" encoding="UTF-8"?>
<!-- Generated by org.testng.reporters.JUnitReportReporter -->
<testsuite hostname="DESKTOP-CNPIKI9" failures="1" tests="10" name="testcases.TestCase_1" time="176.867" errors="0" timestamp="2022-08-16T06:31:00 IST" skipped="0">
  <testcase classname="testcases.TestCase_1" name="imdbAndWikiTest" time="15.814"/>
  <system-out/>
  <testcase classname="testcases.TestCase_1" name="imdbAndWikiTest" time="14.574">
    <failure message="Country and Release date both are not same expected [false] but found [true]" type="java.lang.AssertionError">
      <![CDATA[java.lang.AssertionError: Country and Release date both are not same expected [false] but found [true]
at org.testng.Assert.fail(Assert.java:110)
at org.testng.Assert.failNotEquals(Assert.java:1413)
at org.testng.Assert.assertEqualsImpl(Assert.java:149)
at org.testng.Assert.assertEquals(Assert.java:131)
at org.testng.Assert.assertEquals(Assert.java:976)
at testcases.TestCase_1.imdbAndWikiTest(TestCase_1.java:76)
at java.base/jdk.internal.reflect.NativeMethodAccessorImpl.invoke0(Native Method)
at java.base/jdk.internal.reflect.NativeMethodAccessorImpl.invoke(NativeMethodAccessorImpl.java:77)
at java.base/jdk.internal.reflect.DelegatingMethodAccessorImpl.invoke(DelegatingMethodAccessorImpl.java:43)
at java.base/java.lang.reflect.Method.invoke(Method.java:568)
at org.testng.internal.invokers.MethodInvocationHelper.invokeMethod(MethodInvocationHelper.java:139)
at org.testng.internal.invokers.TestInvoker.invokeMethod(TestInvoker.java:677)
at org.testng.internal.invokers.TestInvoker.invokeTestMethod(TestInvoker.java:221)
at org.testng.internal.invokers.MethodRunner.runInSequence(MethodRunner.java:50)
at org.testng.internal.invokers.TestInvoker$MethodInvocationAgent.invoke(TestInvoker.java:962)
at org.testng.internal.invokers.TestInvoker.invokeTestMethods(TestInvoker.java:194)
at org.testng.internal.invokers.TestMethodWorker.invokeTestMethods(TestMethodWorker.java:148)
at org.testng.internal.invokers.TestMethodWorker.run(TestMethodWorker.java:128)
at java.base/java.util.ArrayList.forEach(ArrayList.java:1511)
at org.testng.TestRunner.privateRun(TestRunner.java:806)
at org.testng.TestRunner.run(TestRunner.java:601)
at org.testng.SuiteRunner.runTest(SuiteRunner.java:433)
at org.testng.SuiteRunner.runSequentially(SuiteRunner.java:427)
at org.testng.SuiteRunner.privateRun(SuiteRunner.java:387)
at org.testng.SuiteRunner.run(SuiteRunner.java:330)
at org.testng.SuiteRunnerWorker.runSuite(SuiteRunnerWorker.java:52)
at org.testng.SuiteRunnerWorker.run(SuiteRunnerWorker.java:95)
at org.testng.TestNG.runSuitesSequentially(TestNG.java:1256)
at org.testng.TestNG.runSuitesLocally(TestNG.java:1176)
at org.testng.TestNG.runSuites(TestNG.java:1099)
at org.testng.TestNG.run(TestNG.java:1067)
at org.testng.remote.AbstractRemoteTestNG.run(AbstractRemoteTestNG.java:115)
at org.testng.remote.RemoteTestNG.initAndRun(RemoteTestNG.java:251)
at org.testng.remote.RemoteTestNG.main(RemoteTestNG.java:77)
]]>
    </failure>
  </testcase> <!-- imdbAndWikiTest -->
  <system-out/>
  <testcase classname="testcases.TestCase_1" name="imdbAndWikiTest" time="25.379"/>
  <system-out/>
  <testcase classname="testcases.TestCase_1" name="imdbAndWikiTest" time="18.019"/>
  <system-out/>
  <testcase classname="testcases.TestCase_1" name="imdbAndWikiTest" time="17.983"/>
  <system-out/>
  <testcase classname="testcases.TestCase_1" name="imdbAndWikiTest" time="18.622"/>
  <system-out/>
  <testcase classname="testcases.TestCase_1" name="imdbAndWikiTest" time="17.298"/>
  <system-out/>
  <testcase classname="testcases.TestCase_1" name="imdbAndWikiTest" time="17.127"/>
  <system-out/>
  <testcase classname="testcases.TestCase_1" name="imdbAndWikiTest" time="14.425"/>
  <system-out/>
  <testcase classname="testcases.TestCase_1" name="imdbAndWikiTest" time="17.626"/>
  <system-out/>
</testsuite> <!-- testcases.TestCase_1 -->
